<?xml version="1.0" ?>
<!DOCTYPE coverage SYSTEM "http://cobertura.sourceforge.net/xml/coverage-04.dtd">
<coverage lines-valid="38"  lines-covered="35"  line-rate="0.9211"  branches-valid="10"  branches-covered="9"  branch-rate="0.9"  timestamp="1443617495315" complexity="0" version="0.1">
<sources>
	<source>/home/chetan/Desktop/urlShortner</source>
</sources>
<packages>
	<package name="urlShortner"  line-rate="0.9211"  branch-rate="0.9" >
	<classes>
		<class name="index.js"  filename="index.js"  line-rate="0.9211"  branch-rate="0.9" >
		<methods>
			<method name="(anonymous_1)"  hits="1"  signature="()V" >
				<lines><line number="39"  hits="1" /></lines>
			</method>
			<method name="(anonymous_2)"  hits="1"  signature="()V" >
				<lines><line number="44"  hits="1" /></lines>
			</method>
			<method name="(anonymous_3)"  hits="1"  signature="()V" >
				<lines><line number="52"  hits="1" /></lines>
			</method>
			<method name="(anonymous_4)"  hits="2"  signature="()V" >
				<lines><line number="59"  hits="2" /></lines>
			</method>
			<method name="(anonymous_5)"  hits="2"  signature="()V" >
				<lines><line number="63"  hits="2" /></lines>
			</method>
		</methods>
		<lines>
			<line number="5"  hits="1"  branch="false" />
			<line number="8"  hits="1"  branch="false" />
			<line number="9"  hits="1"  branch="false" />
			<line number="10"  hits="1"  branch="true"  condition-coverage="100% (2/2)" />
			<line number="11"  hits="1"  branch="false" />
			<line number="12"  hits="1"  branch="false" />
			<line number="13"  hits="1"  branch="true"  condition-coverage="100% (2/2)" />
			<line number="16"  hits="1"  branch="true"  condition-coverage="50% (1/2)" />
			<line number="17"  hits="0"  branch="false" />
			<line number="18"  hits="0"  branch="false" />
			<line number="19"  hits="0"  branch="false" />
			<line number="21"  hits="1"  branch="false" />
			<line number="25"  hits="1"  branch="false" />
			<line number="26"  hits="1"  branch="false" />
			<line number="27"  hits="1"  branch="false" />
			<line number="30"  hits="1"  branch="false" />
			<line number="33"  hits="1"  branch="false" />
			<line number="34"  hits="1"  branch="false" />
			<line number="39"  hits="1"  branch="false" />
			<line number="40"  hits="1"  branch="false" />
			<line number="44"  hits="1"  branch="false" />
			<line number="46"  hits="1"  branch="false" />
			<line number="48"  hits="1"  branch="false" />
			<line number="50"  hits="1"  branch="false" />
			<line number="52"  hits="1"  branch="false" />
			<line number="54"  hits="1"  branch="false" />
			<line number="59"  hits="1"  branch="false" />
			<line number="61"  hits="2"  branch="false" />
			<line number="63"  hits="2"  branch="false" />
			<line number="64"  hits="2"  branch="true"  condition-coverage="100% (4/4)" />
			<line number="66"  hits="1"  branch="false" />
			<line number="67"  hits="1"  branch="false" />
			<line number="68"  hits="1"  branch="false" />
			<line number="71"  hits="1"  branch="false" />
			<line number="72"  hits="1"  branch="false" />
			<line number="78"  hits="1"  branch="false" />
			<line number="81"  hits="1"  branch="false" />
			<line number="83"  hits="1"  branch="false" />
		</lines>
		</class>
	</classes>
	</package>
</packages>
</coverage>
