{"/home/chetan/Desktop/urlShortner/index.js":{"path":"/home/chetan/Desktop/urlShortner/index.js","s":{"1":1,"2":1,"3":1,"4":1,"5":1,"6":1,"7":1,"8":1,"9":0,"10":0,"11":0,"12":1,"13":1,"14":1,"15":1,"16":1,"17":1,"18":1,"19":1,"20":1,"21":1,"22":1,"23":1,"24":1,"25":1,"26":1,"27":1,"28":2,"29":2,"30":2,"31":1,"32":1,"33":1,"34":1,"35":1,"36":1,"37":1,"38":1},"b":{"1":[1,1],"2":[1,1],"3":[0,1],"4":[1,1],"5":[2,2]},"f":{"1":1,"2":1,"3":1,"4":2,"5":2},"fnMap":{"1":{"name":"(anonymous_1)","line":39,"loc":{"start":{"line":39,"column":13},"end":{"line":39,"column":33}}},"2":{"name":"(anonymous_2)","line":44,"loc":{"start":{"line":44,"column":14},"end":{"line":44,"column":34}}},"3":{"name":"(anonymous_3)","line":52,"loc":{"start":{"line":52,"column":24},"end":{"line":52,"column":36}}},"4":{"name":"(anonymous_4)","line":59,"loc":{"start":{"line":59,"column":22},"end":{"line":59,"column":42}}},"5":{"name":"(anonymous_5)","line":63,"loc":{"start":{"line":63,"column":19},"end":{"line":63,"column":41}}}},"statementMap":{"1":{"start":{"line":5,"column":0},"end":{"line":5,"column":67}},"2":{"start":{"line":8,"column":0},"end":{"line":8,"column":29}},"3":{"start":{"line":9,"column":0},"end":{"line":9,"column":16}},"4":{"start":{"line":10,"column":0},"end":{"line":10,"column":32}},"5":{"start":{"line":11,"column":0},"end":{"line":11,"column":29}},"6":{"start":{"line":12,"column":0},"end":{"line":12,"column":36}},"7":{"start":{"line":13,"column":0},"end":{"line":13,"column":59}},"8":{"start":{"line":16,"column":0},"end":{"line":22,"column":1}},"9":{"start":{"line":17,"column":2},"end":{"line":17,"column":57}},"10":{"start":{"line":18,"column":2},"end":{"line":18,"column":65}},"11":{"start":{"line":19,"column":2},"end":{"line":19,"column":38}},"12":{"start":{"line":21,"column":2},"end":{"line":21,"column":43}},"13":{"start":{"line":25,"column":0},"end":{"line":25,"column":39}},"14":{"start":{"line":26,"column":0},"end":{"line":26,"column":31}},"15":{"start":{"line":27,"column":0},"end":{"line":27,"column":46}},"16":{"start":{"line":30,"column":0},"end":{"line":30,"column":30}},"17":{"start":{"line":33,"column":0},"end":{"line":33,"column":27}},"18":{"start":{"line":34,"column":0},"end":{"line":36,"column":4}},"19":{"start":{"line":39,"column":0},"end":{"line":41,"column":3}},"20":{"start":{"line":40,"column":2},"end":{"line":40,"column":22}},"21":{"start":{"line":44,"column":0},"end":{"line":56,"column":3}},"22":{"start":{"line":46,"column":4},"end":{"line":46,"column":16}},"23":{"start":{"line":48,"column":4},"end":{"line":48,"column":23}},"24":{"start":{"line":50,"column":4},"end":{"line":50,"column":28}},"25":{"start":{"line":52,"column":4},"end":{"line":55,"column":7}},"26":{"start":{"line":54,"column":8},"end":{"line":54,"column":61}},"27":{"start":{"line":59,"column":0},"end":{"line":75,"column":3}},"28":{"start":{"line":61,"column":4},"end":{"line":61,"column":34}},"29":{"start":{"line":63,"column":4},"end":{"line":74,"column":7}},"30":{"start":{"line":64,"column":8},"end":{"line":73,"column":9}},"31":{"start":{"line":66,"column":12},"end":{"line":66,"column":28}},"32":{"start":{"line":67,"column":12},"end":{"line":67,"column":39}},"33":{"start":{"line":68,"column":12},"end":{"line":68,"column":23}},"34":{"start":{"line":71,"column":12},"end":{"line":71,"column":28}},"35":{"start":{"line":72,"column":12},"end":{"line":72,"column":32}},"36":{"start":{"line":78,"column":0},"end":{"line":78,"column":47}},"37":{"start":{"line":81,"column":0},"end":{"line":81,"column":17}},"38":{"start":{"line":83,"column":0},"end":{"line":83,"column":41}}},"branchMap":{"1":{"line":10,"type":"binary-expr","locations":[{"start":{"line":10,"column":7},"end":{"line":10,"column":23}},{"start":{"line":10,"column":27},"end":{"line":10,"column":31}}]},"2":{"line":13,"type":"binary-expr","locations":[{"start":{"line":13,"column":11},"end":{"line":13,"column":31}},{"start":{"line":13,"column":35},"end":{"line":13,"column":58}}]},"3":{"line":16,"type":"if","locations":[{"start":{"line":16,"column":0},"end":{"line":16,"column":0}},{"start":{"line":16,"column":0},"end":{"line":16,"column":0}}]},"4":{"line":64,"type":"if","locations":[{"start":{"line":64,"column":8},"end":{"line":64,"column":8}},{"start":{"line":64,"column":8},"end":{"line":64,"column":8}}]},"5":{"line":64,"type":"binary-expr","locations":[{"start":{"line":64,"column":12},"end":{"line":64,"column":16}},{"start":{"line":64,"column":20},"end":{"line":64,"column":25}}]}}}}